C:\USERS\STIJN\DOCUMENTS\VISUAL STUDIO 2010\PROJECTS\GOOSY3DGITT\GOOSY3DENGINE\DEBUG\GOOSY3DENGINE.EXE
C:\USERS\STIJN\DOCUMENTS\VISUAL STUDIO 2010\PROJECTS\GOOSY3DGITT\GOOSY3DENGINE\DEBUG\GOOSY3DENGINE.ILK
C:\USERS\STIJN\DOCUMENTS\VISUAL STUDIO 2010\PROJECTS\GOOSY3DGITT\GOOSY3DENGINE\DEBUG\GOOSY3DENGINE.PDB
C:\USERS\STIJN\DOCUMENTS\VISUAL STUDIO 2010\PROJECTS\GOOSY3DGITT\GOOSY3DENGINE\GOOSY3DENGINE\DEBUG\CAMERACLASS.OBJ
C:\Users\Stijn\Documents\Visual Studio 2010\Projects\Goosy3DGitt\Goosy3DEngine\Goosy3DEngine\Debug\cl.command.1.tlog
C:\Users\Stijn\Documents\Visual Studio 2010\Projects\Goosy3DGitt\Goosy3DEngine\Goosy3DEngine\Debug\CL.read.1.tlog
C:\Users\Stijn\Documents\Visual Studio 2010\Projects\Goosy3DGitt\Goosy3DEngine\Goosy3DEngine\Debug\CL.write.1.tlog
C:\USERS\STIJN\DOCUMENTS\VISUAL STUDIO 2010\PROJECTS\GOOSY3DGITT\GOOSY3DENGINE\GOOSY3DENGINE\DEBUG\COLORSHADERCLASS.OBJ
C:\USERS\STIJN\DOCUMENTS\VISUAL STUDIO 2010\PROJECTS\GOOSY3DGITT\GOOSY3DENGINE\GOOSY3DENGINE\DEBUG\D3DCLASS.OBJ
C:\USERS\STIJN\DOCUMENTS\VISUAL STUDIO 2010\PROJECTS\GOOSY3DGITT\GOOSY3DENGINE\GOOSY3DENGINE\DEBUG\GOOSY3DENGINE.EXE.EMBED.MANIFEST
C:\USERS\STIJN\DOCUMENTS\VISUAL STUDIO 2010\PROJECTS\GOOSY3DGITT\GOOSY3DENGINE\GOOSY3DENGINE\DEBUG\GOOSY3DENGINE.EXE.EMBED.MANIFEST.RES
C:\USERS\STIJN\DOCUMENTS\VISUAL STUDIO 2010\PROJECTS\GOOSY3DGITT\GOOSY3DENGINE\GOOSY3DENGINE\DEBUG\GOOSY3DENGINE.EXE.INTERMEDIATE.MANIFEST
C:\Users\Stijn\Documents\Visual Studio 2010\Projects\Goosy3DGitt\Goosy3DEngine\Goosy3DEngine\Debug\Goosy3DEngine.vcxprojResolveAssemblyReference.cache
C:\Users\Stijn\Documents\Visual Studio 2010\Projects\Goosy3DGitt\Goosy3DEngine\Goosy3DEngine\Debug\Goosy3DEngine.write.1.tlog
C:\Users\Stijn\Documents\Visual Studio 2010\Projects\Goosy3DGitt\Goosy3DEngine\Goosy3DEngine\Debug\Goosy3DEngine_manifest.rc
C:\USERS\STIJN\DOCUMENTS\VISUAL STUDIO 2010\PROJECTS\GOOSY3DGITT\GOOSY3DENGINE\GOOSY3DENGINE\DEBUG\GRAPHICSCLASS.OBJ
C:\USERS\STIJN\DOCUMENTS\VISUAL STUDIO 2010\PROJECTS\GOOSY3DGITT\GOOSY3DENGINE\GOOSY3DENGINE\DEBUG\INPUTCLASS.OBJ
C:\Users\Stijn\Documents\Visual Studio 2010\Projects\Goosy3DGitt\Goosy3DEngine\Goosy3DEngine\Debug\link.19668.read.1.tlog
C:\Users\Stijn\Documents\Visual Studio 2010\Projects\Goosy3DGitt\Goosy3DEngine\Goosy3DEngine\Debug\link.19668.write.1.tlog
C:\Users\Stijn\Documents\Visual Studio 2010\Projects\Goosy3DGitt\Goosy3DEngine\Goosy3DEngine\Debug\link.19668-cvtres.read.1.tlog
C:\Users\Stijn\Documents\Visual Studio 2010\Projects\Goosy3DGitt\Goosy3DEngine\Goosy3DEngine\Debug\link.19668-cvtres.write.1.tlog
C:\Users\Stijn\Documents\Visual Studio 2010\Projects\Goosy3DGitt\Goosy3DEngine\Goosy3DEngine\Debug\link.command.1.tlog
C:\Users\Stijn\Documents\Visual Studio 2010\Projects\Goosy3DGitt\Goosy3DEngine\Goosy3DEngine\Debug\link.read.1.tlog
C:\Users\Stijn\Documents\Visual Studio 2010\Projects\Goosy3DGitt\Goosy3DEngine\Goosy3DEngine\Debug\link.write.1.tlog
C:\Users\Stijn\Documents\Visual Studio 2010\Projects\Goosy3DGitt\Goosy3DEngine\Goosy3DEngine\Debug\link-cvtres.read.1.tlog
C:\Users\Stijn\Documents\Visual Studio 2010\Projects\Goosy3DGitt\Goosy3DEngine\Goosy3DEngine\Debug\link-cvtres.write.1.tlog
C:\USERS\STIJN\DOCUMENTS\VISUAL STUDIO 2010\PROJECTS\GOOSY3DGITT\GOOSY3DENGINE\GOOSY3DENGINE\DEBUG\MAIN.OBJ
C:\USERS\STIJN\DOCUMENTS\VISUAL STUDIO 2010\PROJECTS\GOOSY3DGITT\GOOSY3DENGINE\GOOSY3DENGINE\DEBUG\MODELCLASS.OBJ
C:\Users\Stijn\Documents\Visual Studio 2010\Projects\Goosy3DGitt\Goosy3DEngine\Goosy3DEngine\Debug\mt.command.1.tlog
C:\Users\Stijn\Documents\Visual Studio 2010\Projects\Goosy3DGitt\Goosy3DEngine\Goosy3DEngine\Debug\mt.read.1.tlog
C:\Users\Stijn\Documents\Visual Studio 2010\Projects\Goosy3DGitt\Goosy3DEngine\Goosy3DEngine\Debug\mt.write.1.tlog
C:\Users\Stijn\Documents\Visual Studio 2010\Projects\Goosy3DGitt\Goosy3DEngine\Goosy3DEngine\Debug\rc.command.1.tlog
C:\Users\Stijn\Documents\Visual Studio 2010\Projects\Goosy3DGitt\Goosy3DEngine\Goosy3DEngine\Debug\rc.read.1.tlog
C:\Users\Stijn\Documents\Visual Studio 2010\Projects\Goosy3DGitt\Goosy3DEngine\Goosy3DEngine\Debug\rc.write.1.tlog
C:\USERS\STIJN\DOCUMENTS\VISUAL STUDIO 2010\PROJECTS\GOOSY3DGITT\GOOSY3DENGINE\GOOSY3DENGINE\DEBUG\SYSTEMCLASS.OBJ
C:\Users\Stijn\Documents\Visual Studio 2010\Projects\Goosy3DGitt\Goosy3DEngine\Goosy3DEngine\Debug\vc100.idb
C:\USERS\STIJN\DOCUMENTS\VISUAL STUDIO 2010\PROJECTS\GOOSY3DGITT\GOOSY3DENGINE\GOOSY3DENGINE\DEBUG\VC100.PDB
